[2025-06-19T10:43:01.089+0000] {taskinstance.py:1979} INFO - Dependencies all met for dep_context=non-requeueable deps ti=<TaskInstance: lung_cancer_ml_pipeline.clean_data_task manual__2025-06-19T10:42:56+00:00 [queued]>
[2025-06-19T10:43:01.096+0000] {taskinstance.py:1979} INFO - Dependencies all met for dep_context=requeueable deps ti=<TaskInstance: lung_cancer_ml_pipeline.clean_data_task manual__2025-06-19T10:42:56+00:00 [queued]>
[2025-06-19T10:43:01.096+0000] {taskinstance.py:2193} INFO - Starting attempt 1 of 2
[2025-06-19T10:43:01.123+0000] {taskinstance.py:2214} INFO - Executing <Task(PythonOperator): clean_data_task> on 2025-06-19 10:42:56+00:00
[2025-06-19T10:43:01.131+0000] {standard_task_runner.py:60} INFO - Started process 977 to run task
[2025-06-19T10:43:01.133+0000] {standard_task_runner.py:87} INFO - Running: ['***', 'tasks', 'run', 'lung_cancer_ml_pipeline', 'clean_data_task', 'manual__2025-06-19T10:42:56+00:00', '--job-id', '35', '--raw', '--subdir', 'DAGS_FOLDER/ml_pipeline_dag.py', '--cfg-path', '/tmp/tmpq7kf2tkc']
[2025-06-19T10:43:01.135+0000] {standard_task_runner.py:88} INFO - Job 35: Subtask clean_data_task
[2025-06-19T10:43:01.171+0000] {warnings.py:109} WARNING - /home/***/.local/lib/python3.8/site-packages/***/settings.py:194: DeprecationWarning: The sql_alchemy_conn option in [core] has been moved to the sql_alchemy_conn option in [database] - the old setting has been used, but please update your config.
  SQL_ALCHEMY_CONN = conf.get("database", "SQL_ALCHEMY_CONN")

[2025-06-19T10:43:01.196+0000] {task_command.py:423} INFO - Running <TaskInstance: lung_cancer_ml_pipeline.clean_data_task manual__2025-06-19T10:42:56+00:00 [running]> on host 50ee7aa98663
[2025-06-19T10:43:01.301+0000] {taskinstance.py:2510} INFO - Exporting env vars: AIRFLOW_CTX_DAG_OWNER='***' AIRFLOW_CTX_DAG_ID='lung_cancer_ml_pipeline' AIRFLOW_CTX_TASK_ID='clean_data_task' AIRFLOW_CTX_EXECUTION_DATE='2025-06-19T10:42:56+00:00' AIRFLOW_CTX_TRY_NUMBER='1' AIRFLOW_CTX_DAG_RUN_ID='manual__2025-06-19T10:42:56+00:00'
[2025-06-19T10:43:01.302+0000] {logging_mixin.py:188} INFO - Starting data cleaning task...
[2025-06-19T10:43:01.307+0000] {logging_mixin.py:188} INFO - Reading data from: /opt/***/data/lung_cancer_mortality_data_test_v2.csv
[2025-06-19T10:43:01.316+0000] {logging_mixin.py:188} INFO - Data loaded successfully. Shape: (1000, 18)
[2025-06-19T10:43:01.316+0000] {logging_mixin.py:188} INFO - Starting data cleaning process...
[2025-06-19T10:43:01.318+0000] {logging_mixin.py:188} INFO - Missing values before cleaning: 0
[2025-06-19T10:43:01.329+0000] {logging_mixin.py:188} INFO - Missing values after cleaning: 0
[2025-06-19T10:43:01.332+0000] {logging_mixin.py:188} INFO - Duplicates before cleaning: 0
[2025-06-19T10:43:01.336+0000] {logging_mixin.py:188} INFO - Duplicates after cleaning: 0
[2025-06-19T10:43:01.340+0000] {logging_mixin.py:188} INFO - Column 'age' has 11 outliers
[2025-06-19T10:43:01.347+0000] {logging_mixin.py:188} INFO - Column 'cirrhosis' has 250 outliers
[2025-06-19T10:43:01.350+0000] {logging_mixin.py:188} INFO - Column 'other_cancer' has 98 outliers
[2025-06-19T10:43:01.352+0000] {logging_mixin.py:188} INFO - Column 'survived' has 212 outliers
[2025-06-19T10:43:01.354+0000] {logging_mixin.py:188} INFO - Data cleaning completed. Final shape: (1000, 18)
[2025-06-19T10:43:01.363+0000] {logging_mixin.py:188} INFO - Stored DataFrame with shape (1000, 18) at key 'lung_cancer:raw_data'
[2025-06-19T10:43:01.390+0000] {python.py:202} INFO - Done. Returned value was: Data cleaning completed
[2025-06-19T10:43:01.431+0000] {taskinstance.py:1149} INFO - Marking task as SUCCESS. dag_id=lung_cancer_ml_pipeline, task_id=clean_data_task, execution_date=20250619T104256, start_date=20250619T104301, end_date=20250619T104301
[2025-06-19T10:43:01.476+0000] {local_task_job_runner.py:234} INFO - Task exited with return code 0
[2025-06-19T10:43:01.499+0000] {taskinstance.py:3309} INFO - 1 downstream tasks scheduled from follow-on schedule check
