[2025-06-19T10:23:26.363+0000] {taskinstance.py:1979} INFO - Dependencies all met for dep_context=non-requeueable deps ti=<TaskInstance: lung_cancer_ml_pipeline.clean_data_task scheduled__2025-06-18T00:00:00+00:00 [queued]>
[2025-06-19T10:23:26.369+0000] {taskinstance.py:1979} INFO - Dependencies all met for dep_context=requeueable deps ti=<TaskInstance: lung_cancer_ml_pipeline.clean_data_task scheduled__2025-06-18T00:00:00+00:00 [queued]>
[2025-06-19T10:23:26.369+0000] {taskinstance.py:2193} INFO - Starting attempt 1 of 2
[2025-06-19T10:23:26.410+0000] {taskinstance.py:2214} INFO - Executing <Task(PythonOperator): clean_data_task> on 2025-06-18 00:00:00+00:00
[2025-06-19T10:23:26.417+0000] {standard_task_runner.py:60} INFO - Started process 172 to run task
[2025-06-19T10:23:26.420+0000] {standard_task_runner.py:87} INFO - Running: ['***', 'tasks', 'run', 'lung_cancer_ml_pipeline', 'clean_data_task', 'scheduled__2025-06-18T00:00:00+00:00', '--job-id', '4', '--raw', '--subdir', 'DAGS_FOLDER/ml_pipeline_dag.py', '--cfg-path', '/tmp/tmp9tcavvjr']
[2025-06-19T10:23:26.422+0000] {standard_task_runner.py:88} INFO - Job 4: Subtask clean_data_task
[2025-06-19T10:23:26.451+0000] {warnings.py:109} WARNING - /home/***/.local/lib/python3.8/site-packages/***/settings.py:194: DeprecationWarning: The sql_alchemy_conn option in [core] has been moved to the sql_alchemy_conn option in [database] - the old setting has been used, but please update your config.
  SQL_ALCHEMY_CONN = conf.get("database", "SQL_ALCHEMY_CONN")

[2025-06-19T10:23:26.477+0000] {task_command.py:423} INFO - Running <TaskInstance: lung_cancer_ml_pipeline.clean_data_task scheduled__2025-06-18T00:00:00+00:00 [running]> on host 50ee7aa98663
[2025-06-19T10:23:26.581+0000] {taskinstance.py:2510} INFO - Exporting env vars: AIRFLOW_CTX_DAG_OWNER='***' AIRFLOW_CTX_DAG_ID='lung_cancer_ml_pipeline' AIRFLOW_CTX_TASK_ID='clean_data_task' AIRFLOW_CTX_EXECUTION_DATE='2025-06-18T00:00:00+00:00' AIRFLOW_CTX_TRY_NUMBER='1' AIRFLOW_CTX_DAG_RUN_ID='scheduled__2025-06-18T00:00:00+00:00'
[2025-06-19T10:23:26.582+0000] {logging_mixin.py:188} INFO - Starting data cleaning task...
[2025-06-19T10:23:26.586+0000] {logging_mixin.py:188} INFO - Reading data from: /opt/***/data/lung_cancer_mortality_data_test_v2.csv
[2025-06-19T10:23:26.593+0000] {logging_mixin.py:188} INFO - Data loaded successfully. Shape: (1000, 18)
[2025-06-19T10:23:26.594+0000] {logging_mixin.py:188} INFO - Starting data cleaning process...
[2025-06-19T10:23:26.595+0000] {logging_mixin.py:188} INFO - Missing values before cleaning: 0
[2025-06-19T10:23:26.605+0000] {logging_mixin.py:188} INFO - Missing values after cleaning: 0
[2025-06-19T10:23:26.608+0000] {logging_mixin.py:188} INFO - Duplicates before cleaning: 0
[2025-06-19T10:23:26.611+0000] {logging_mixin.py:188} INFO - Duplicates after cleaning: 0
[2025-06-19T10:23:26.614+0000] {logging_mixin.py:188} INFO - Column 'age' has 11 outliers
[2025-06-19T10:23:26.619+0000] {logging_mixin.py:188} INFO - Column 'cirrhosis' has 250 outliers
[2025-06-19T10:23:26.621+0000] {logging_mixin.py:188} INFO - Column 'other_cancer' has 98 outliers
[2025-06-19T10:23:26.623+0000] {logging_mixin.py:188} INFO - Column 'survived' has 212 outliers
[2025-06-19T10:23:26.624+0000] {logging_mixin.py:188} INFO - Data cleaning completed. Final shape: (1000, 18)
[2025-06-19T10:23:26.632+0000] {logging_mixin.py:188} INFO - Stored DataFrame with shape (1000, 18) at key 'lung_cancer:raw_data'
[2025-06-19T10:23:26.665+0000] {python.py:202} INFO - Done. Returned value was: Data cleaning completed
[2025-06-19T10:23:26.700+0000] {taskinstance.py:1149} INFO - Marking task as SUCCESS. dag_id=lung_cancer_ml_pipeline, task_id=clean_data_task, execution_date=20250618T000000, start_date=20250619T102326, end_date=20250619T102326
[2025-06-19T10:23:26.762+0000] {local_task_job_runner.py:234} INFO - Task exited with return code 0
[2025-06-19T10:23:26.784+0000] {taskinstance.py:3309} INFO - 1 downstream tasks scheduled from follow-on schedule check
[2025-06-19T13:01:58.750+0000] {taskinstance.py:1979} INFO - Dependencies all met for dep_context=non-requeueable deps ti=<TaskInstance: lung_cancer_ml_pipeline.clean_data_task scheduled__2025-06-18T00:00:00+00:00 [queued]>
[2025-06-19T13:01:58.756+0000] {taskinstance.py:1979} INFO - Dependencies all met for dep_context=requeueable deps ti=<TaskInstance: lung_cancer_ml_pipeline.clean_data_task scheduled__2025-06-18T00:00:00+00:00 [queued]>
[2025-06-19T13:01:58.756+0000] {taskinstance.py:2193} INFO - Starting attempt 1 of 2
[2025-06-19T13:01:58.785+0000] {taskinstance.py:2214} INFO - Executing <Task(PythonOperator): clean_data_task> on 2025-06-18 00:00:00+00:00
[2025-06-19T13:01:58.792+0000] {standard_task_runner.py:60} INFO - Started process 293 to run task
[2025-06-19T13:01:58.795+0000] {standard_task_runner.py:87} INFO - Running: ['***', 'tasks', 'run', 'lung_cancer_ml_pipeline', 'clean_data_task', 'scheduled__2025-06-18T00:00:00+00:00', '--job-id', '10', '--raw', '--subdir', 'DAGS_FOLDER/ml_pipeline_dag.py', '--cfg-path', '/tmp/tmptmshz8s5']
[2025-06-19T13:01:58.797+0000] {standard_task_runner.py:88} INFO - Job 10: Subtask clean_data_task
[2025-06-19T13:01:58.832+0000] {warnings.py:109} WARNING - /home/***/.local/lib/python3.8/site-packages/***/settings.py:194: DeprecationWarning: The sql_alchemy_conn option in [core] has been moved to the sql_alchemy_conn option in [database] - the old setting has been used, but please update your config.
  SQL_ALCHEMY_CONN = conf.get("database", "SQL_ALCHEMY_CONN")

[2025-06-19T13:01:58.857+0000] {task_command.py:423} INFO - Running <TaskInstance: lung_cancer_ml_pipeline.clean_data_task scheduled__2025-06-18T00:00:00+00:00 [running]> on host b5d5b4f06c55
[2025-06-19T13:01:58.960+0000] {taskinstance.py:2510} INFO - Exporting env vars: AIRFLOW_CTX_DAG_OWNER='***' AIRFLOW_CTX_DAG_ID='lung_cancer_ml_pipeline' AIRFLOW_CTX_TASK_ID='clean_data_task' AIRFLOW_CTX_EXECUTION_DATE='2025-06-18T00:00:00+00:00' AIRFLOW_CTX_TRY_NUMBER='1' AIRFLOW_CTX_DAG_RUN_ID='scheduled__2025-06-18T00:00:00+00:00'
[2025-06-19T13:01:58.962+0000] {logging_mixin.py:188} INFO - Starting data cleaning task...
[2025-06-19T13:01:58.967+0000] {logging_mixin.py:188} INFO - Reading data from: /opt/***/data/lung_cancer_mortality_data_test_v2.csv
[2025-06-19T13:01:58.973+0000] {logging_mixin.py:188} INFO - Data loaded successfully. Shape: (1000, 18)
[2025-06-19T13:01:58.974+0000] {logging_mixin.py:188} INFO - Starting data cleaning process...
[2025-06-19T13:01:58.975+0000] {logging_mixin.py:188} INFO - Missing values before cleaning: 0
[2025-06-19T13:01:58.985+0000] {logging_mixin.py:188} INFO - Missing values after cleaning: 0
[2025-06-19T13:01:58.988+0000] {logging_mixin.py:188} INFO - Duplicates before cleaning: 0
[2025-06-19T13:01:58.992+0000] {logging_mixin.py:188} INFO - Duplicates after cleaning: 0
[2025-06-19T13:01:58.995+0000] {logging_mixin.py:188} INFO - Column 'age' has 11 outliers
[2025-06-19T13:01:59.001+0000] {logging_mixin.py:188} INFO - Column 'cirrhosis' has 250 outliers
[2025-06-19T13:01:59.004+0000] {logging_mixin.py:188} INFO - Column 'other_cancer' has 98 outliers
[2025-06-19T13:01:59.006+0000] {logging_mixin.py:188} INFO - Column 'survived' has 212 outliers
[2025-06-19T13:01:59.007+0000] {logging_mixin.py:188} INFO - Data cleaning completed. Final shape: (1000, 18)
[2025-06-19T13:01:59.015+0000] {logging_mixin.py:188} INFO - Stored DataFrame with shape (1000, 18) at key 'lung_cancer:raw_data'
[2025-06-19T13:01:59.040+0000] {python.py:202} INFO - Done. Returned value was: Data cleaning completed
[2025-06-19T13:01:59.073+0000] {taskinstance.py:1149} INFO - Marking task as SUCCESS. dag_id=lung_cancer_ml_pipeline, task_id=clean_data_task, execution_date=20250618T000000, start_date=20250619T130158, end_date=20250619T130159
[2025-06-19T13:01:59.137+0000] {local_task_job_runner.py:234} INFO - Task exited with return code 0
[2025-06-19T13:01:59.158+0000] {taskinstance.py:3309} INFO - 1 downstream tasks scheduled from follow-on schedule check
