[2025-06-19T13:02:06.701+0000] {taskinstance.py:1979} INFO - Dependencies all met for dep_context=non-requeueable deps ti=<TaskInstance: lung_cancer_ml_pipeline.feature_engineering_task manual__2025-06-19T13:01:52.374357+00:00 [queued]>
[2025-06-19T13:02:06.707+0000] {taskinstance.py:1979} INFO - Dependencies all met for dep_context=requeueable deps ti=<TaskInstance: lung_cancer_ml_pipeline.feature_engineering_task manual__2025-06-19T13:01:52.374357+00:00 [queued]>
[2025-06-19T13:02:06.708+0000] {taskinstance.py:2193} INFO - Starting attempt 1 of 2
[2025-06-19T13:02:06.752+0000] {taskinstance.py:2214} INFO - Executing <Task(PythonOperator): feature_engineering_task> on 2025-06-19 13:01:52.374357+00:00
[2025-06-19T13:02:06.759+0000] {standard_task_runner.py:60} INFO - Started process 378 to run task
[2025-06-19T13:02:06.762+0000] {standard_task_runner.py:87} INFO - Running: ['***', 'tasks', 'run', 'lung_cancer_ml_pipeline', 'feature_engineering_task', 'manual__2025-06-19T13:01:52.374357+00:00', '--job-id', '17', '--raw', '--subdir', 'DAGS_FOLDER/ml_pipeline_dag.py', '--cfg-path', '/tmp/tmpoid56_jr']
[2025-06-19T13:02:06.764+0000] {standard_task_runner.py:88} INFO - Job 17: Subtask feature_engineering_task
[2025-06-19T13:02:06.810+0000] {warnings.py:109} WARNING - /home/***/.local/lib/python3.8/site-packages/***/settings.py:194: DeprecationWarning: The sql_alchemy_conn option in [core] has been moved to the sql_alchemy_conn option in [database] - the old setting has been used, but please update your config.
  SQL_ALCHEMY_CONN = conf.get("database", "SQL_ALCHEMY_CONN")

[2025-06-19T13:02:06.842+0000] {task_command.py:423} INFO - Running <TaskInstance: lung_cancer_ml_pipeline.feature_engineering_task manual__2025-06-19T13:01:52.374357+00:00 [running]> on host b5d5b4f06c55
[2025-06-19T13:02:07.005+0000] {taskinstance.py:2510} INFO - Exporting env vars: AIRFLOW_CTX_DAG_OWNER='***' AIRFLOW_CTX_DAG_ID='lung_cancer_ml_pipeline' AIRFLOW_CTX_TASK_ID='feature_engineering_task' AIRFLOW_CTX_EXECUTION_DATE='2025-06-19T13:01:52.374357+00:00' AIRFLOW_CTX_TRY_NUMBER='1' AIRFLOW_CTX_DAG_RUN_ID='manual__2025-06-19T13:01:52.374357+00:00'
[2025-06-19T13:02:07.006+0000] {logging_mixin.py:188} INFO - Starting feature engineering task...
[2025-06-19T13:02:07.032+0000] {logging_mixin.py:188} INFO - Retrieved DataFrame with shape (1000, 23) from key 'lung_cancer:transformed_data'
[2025-06-19T13:02:07.035+0000] {logging_mixin.py:188} INFO - Starting feature engineering process...
[2025-06-19T13:02:07.040+0000] {logging_mixin.py:188} INFO - Generating polynomial features for 5 numeric columns
[2025-06-19T13:02:07.046+0000] {logging_mixin.py:188} INFO - Selecting top 16 features using SelectKBest
[2025-06-19T13:02:07.062+0000] {warnings.py:109} WARNING - /home/***/.local/lib/python3.8/site-packages/sklearn/feature_selection/_univariate_selection.py:112: UserWarning: Features [ 3  4  7  8 21] are constant.
  warnings.warn("Features %s are constant." % constant_features_idx, UserWarning)

[2025-06-19T13:02:07.063+0000] {warnings.py:109} WARNING - /home/***/.local/lib/python3.8/site-packages/sklearn/feature_selection/_univariate_selection.py:113: RuntimeWarning: divide by zero encountered in divide
  f = msb / msw

[2025-06-19T13:02:07.064+0000] {warnings.py:109} WARNING - /home/***/.local/lib/python3.8/site-packages/sklearn/feature_selection/_univariate_selection.py:113: RuntimeWarning: invalid value encountered in divide
  f = msb / msw

[2025-06-19T13:02:07.068+0000] {logging_mixin.py:188} INFO - Creating aggregate features
[2025-06-19T13:02:07.072+0000] {logging_mixin.py:188} INFO - Feature engineering completed. Final shape: (1000, 21)
[2025-06-19T13:02:07.077+0000] {logging_mixin.py:188} INFO - Stored DataFrame with shape (1000, 21) at key 'lung_cancer:model_features'
[2025-06-19T13:02:07.077+0000] {logging_mixin.py:188} INFO - Stored dictionary at key 'lung_cancer:model_features:meta'
[2025-06-19T13:02:07.270+0000] {python.py:202} INFO - Done. Returned value was: Feature engineering completed
[2025-06-19T13:02:07.322+0000] {taskinstance.py:1149} INFO - Marking task as SUCCESS. dag_id=lung_cancer_ml_pipeline, task_id=feature_engineering_task, execution_date=20250619T130152, start_date=20250619T130206, end_date=20250619T130207
[2025-06-19T13:02:07.391+0000] {local_task_job_runner.py:234} INFO - Task exited with return code 0
[2025-06-19T13:02:07.415+0000] {taskinstance.py:3309} INFO - 0 downstream tasks scheduled from follow-on schedule check
