[2025-06-19T10:35:39.029+0000] {taskinstance.py:1979} INFO - Dependencies all met for dep_context=non-requeueable deps ti=<TaskInstance: lung_cancer_ml_pipeline.clean_data_task manual__2025-06-19T10:35:33+00:00 [queued]>
[2025-06-19T10:35:39.036+0000] {taskinstance.py:1979} INFO - Dependencies all met for dep_context=requeueable deps ti=<TaskInstance: lung_cancer_ml_pipeline.clean_data_task manual__2025-06-19T10:35:33+00:00 [queued]>
[2025-06-19T10:35:39.037+0000] {taskinstance.py:2193} INFO - Starting attempt 1 of 2
[2025-06-19T10:35:39.061+0000] {taskinstance.py:2214} INFO - Executing <Task(PythonOperator): clean_data_task> on 2025-06-19 10:35:33+00:00
[2025-06-19T10:35:39.069+0000] {standard_task_runner.py:60} INFO - Started process 453 to run task
[2025-06-19T10:35:39.072+0000] {standard_task_runner.py:87} INFO - Running: ['***', 'tasks', 'run', 'lung_cancer_ml_pipeline', 'clean_data_task', 'manual__2025-06-19T10:35:33+00:00', '--job-id', '23', '--raw', '--subdir', 'DAGS_FOLDER/ml_pipeline_dag.py', '--cfg-path', '/tmp/tmppfc3vj2a']
[2025-06-19T10:35:39.074+0000] {standard_task_runner.py:88} INFO - Job 23: Subtask clean_data_task
[2025-06-19T10:35:39.110+0000] {warnings.py:109} WARNING - /home/***/.local/lib/python3.8/site-packages/***/settings.py:194: DeprecationWarning: The sql_alchemy_conn option in [core] has been moved to the sql_alchemy_conn option in [database] - the old setting has been used, but please update your config.
  SQL_ALCHEMY_CONN = conf.get("database", "SQL_ALCHEMY_CONN")

[2025-06-19T10:35:39.138+0000] {task_command.py:423} INFO - Running <TaskInstance: lung_cancer_ml_pipeline.clean_data_task manual__2025-06-19T10:35:33+00:00 [running]> on host 50ee7aa98663
[2025-06-19T10:35:39.228+0000] {taskinstance.py:2510} INFO - Exporting env vars: AIRFLOW_CTX_DAG_OWNER='***' AIRFLOW_CTX_DAG_ID='lung_cancer_ml_pipeline' AIRFLOW_CTX_TASK_ID='clean_data_task' AIRFLOW_CTX_EXECUTION_DATE='2025-06-19T10:35:33+00:00' AIRFLOW_CTX_TRY_NUMBER='1' AIRFLOW_CTX_DAG_RUN_ID='manual__2025-06-19T10:35:33+00:00'
[2025-06-19T10:35:39.229+0000] {logging_mixin.py:188} INFO - Starting data cleaning task...
[2025-06-19T10:35:39.234+0000] {logging_mixin.py:188} INFO - Reading data from: /opt/***/data/lung_cancer_mortality_data_test_v2.csv
[2025-06-19T10:35:39.241+0000] {logging_mixin.py:188} INFO - Data loaded successfully. Shape: (1000, 18)
[2025-06-19T10:35:39.242+0000] {logging_mixin.py:188} INFO - Starting data cleaning process...
[2025-06-19T10:35:39.243+0000] {logging_mixin.py:188} INFO - Missing values before cleaning: 0
[2025-06-19T10:35:39.255+0000] {logging_mixin.py:188} INFO - Missing values after cleaning: 0
[2025-06-19T10:35:39.258+0000] {logging_mixin.py:188} INFO - Duplicates before cleaning: 0
[2025-06-19T10:35:39.262+0000] {logging_mixin.py:188} INFO - Duplicates after cleaning: 0
[2025-06-19T10:35:39.265+0000] {logging_mixin.py:188} INFO - Column 'age' has 11 outliers
[2025-06-19T10:35:39.272+0000] {logging_mixin.py:188} INFO - Column 'cirrhosis' has 250 outliers
[2025-06-19T10:35:39.275+0000] {logging_mixin.py:188} INFO - Column 'other_cancer' has 98 outliers
[2025-06-19T10:35:39.277+0000] {logging_mixin.py:188} INFO - Column 'survived' has 212 outliers
[2025-06-19T10:35:39.279+0000] {logging_mixin.py:188} INFO - Data cleaning completed. Final shape: (1000, 18)
[2025-06-19T10:35:39.288+0000] {logging_mixin.py:188} INFO - Stored DataFrame with shape (1000, 18) at key 'lung_cancer:raw_data'
[2025-06-19T10:35:39.317+0000] {python.py:202} INFO - Done. Returned value was: Data cleaning completed
[2025-06-19T10:35:39.359+0000] {taskinstance.py:1149} INFO - Marking task as SUCCESS. dag_id=lung_cancer_ml_pipeline, task_id=clean_data_task, execution_date=20250619T103533, start_date=20250619T103539, end_date=20250619T103539
[2025-06-19T10:35:39.414+0000] {local_task_job_runner.py:234} INFO - Task exited with return code 0
[2025-06-19T10:35:39.446+0000] {taskinstance.py:3309} INFO - 1 downstream tasks scheduled from follow-on schedule check
