[2025-06-19T13:01:58.772+0000] {taskinstance.py:1979} INFO - Dependencies all met for dep_context=non-requeueable deps ti=<TaskInstance: lung_cancer_ml_pipeline.clean_data_task manual__2025-06-19T13:01:52.374357+00:00 [queued]>
[2025-06-19T13:01:58.778+0000] {taskinstance.py:1979} INFO - Dependencies all met for dep_context=requeueable deps ti=<TaskInstance: lung_cancer_ml_pipeline.clean_data_task manual__2025-06-19T13:01:52.374357+00:00 [queued]>
[2025-06-19T13:01:58.778+0000] {taskinstance.py:2193} INFO - Starting attempt 1 of 2
[2025-06-19T13:01:58.830+0000] {taskinstance.py:2214} INFO - Executing <Task(PythonOperator): clean_data_task> on 2025-06-19 13:01:52.374357+00:00
[2025-06-19T13:01:58.836+0000] {standard_task_runner.py:60} INFO - Started process 294 to run task
[2025-06-19T13:01:58.839+0000] {standard_task_runner.py:87} INFO - Running: ['***', 'tasks', 'run', 'lung_cancer_ml_pipeline', 'clean_data_task', 'manual__2025-06-19T13:01:52.374357+00:00', '--job-id', '11', '--raw', '--subdir', 'DAGS_FOLDER/ml_pipeline_dag.py', '--cfg-path', '/tmp/tmpc8d9s_v1']
[2025-06-19T13:01:58.841+0000] {standard_task_runner.py:88} INFO - Job 11: Subtask clean_data_task
[2025-06-19T13:01:58.868+0000] {warnings.py:109} WARNING - /home/***/.local/lib/python3.8/site-packages/***/settings.py:194: DeprecationWarning: The sql_alchemy_conn option in [core] has been moved to the sql_alchemy_conn option in [database] - the old setting has been used, but please update your config.
  SQL_ALCHEMY_CONN = conf.get("database", "SQL_ALCHEMY_CONN")

[2025-06-19T13:01:58.892+0000] {task_command.py:423} INFO - Running <TaskInstance: lung_cancer_ml_pipeline.clean_data_task manual__2025-06-19T13:01:52.374357+00:00 [running]> on host b5d5b4f06c55
[2025-06-19T13:01:58.987+0000] {taskinstance.py:2510} INFO - Exporting env vars: AIRFLOW_CTX_DAG_OWNER='***' AIRFLOW_CTX_DAG_ID='lung_cancer_ml_pipeline' AIRFLOW_CTX_TASK_ID='clean_data_task' AIRFLOW_CTX_EXECUTION_DATE='2025-06-19T13:01:52.374357+00:00' AIRFLOW_CTX_TRY_NUMBER='1' AIRFLOW_CTX_DAG_RUN_ID='manual__2025-06-19T13:01:52.374357+00:00'
[2025-06-19T13:01:58.989+0000] {logging_mixin.py:188} INFO - Starting data cleaning task...
[2025-06-19T13:01:58.994+0000] {logging_mixin.py:188} INFO - Reading data from: /opt/***/data/lung_cancer_mortality_data_test_v2.csv
[2025-06-19T13:01:59.001+0000] {logging_mixin.py:188} INFO - Data loaded successfully. Shape: (1000, 18)
[2025-06-19T13:01:59.001+0000] {logging_mixin.py:188} INFO - Starting data cleaning process...
[2025-06-19T13:01:59.003+0000] {logging_mixin.py:188} INFO - Missing values before cleaning: 0
[2025-06-19T13:01:59.012+0000] {logging_mixin.py:188} INFO - Missing values after cleaning: 0
[2025-06-19T13:01:59.014+0000] {logging_mixin.py:188} INFO - Duplicates before cleaning: 0
[2025-06-19T13:01:59.018+0000] {logging_mixin.py:188} INFO - Duplicates after cleaning: 0
[2025-06-19T13:01:59.021+0000] {logging_mixin.py:188} INFO - Column 'age' has 11 outliers
[2025-06-19T13:01:59.027+0000] {logging_mixin.py:188} INFO - Column 'cirrhosis' has 250 outliers
[2025-06-19T13:01:59.029+0000] {logging_mixin.py:188} INFO - Column 'other_cancer' has 98 outliers
[2025-06-19T13:01:59.032+0000] {logging_mixin.py:188} INFO - Column 'survived' has 212 outliers
[2025-06-19T13:01:59.033+0000] {logging_mixin.py:188} INFO - Data cleaning completed. Final shape: (1000, 18)
[2025-06-19T13:01:59.041+0000] {logging_mixin.py:188} INFO - Stored DataFrame with shape (1000, 18) at key 'lung_cancer:raw_data'
[2025-06-19T13:01:59.085+0000] {python.py:202} INFO - Done. Returned value was: Data cleaning completed
[2025-06-19T13:01:59.136+0000] {taskinstance.py:1149} INFO - Marking task as SUCCESS. dag_id=lung_cancer_ml_pipeline, task_id=clean_data_task, execution_date=20250619T130152, start_date=20250619T130158, end_date=20250619T130159
[2025-06-19T13:01:59.181+0000] {local_task_job_runner.py:234} INFO - Task exited with return code 0
[2025-06-19T13:01:59.202+0000] {taskinstance.py:3309} INFO - 1 downstream tasks scheduled from follow-on schedule check
