[2025-06-19T11:13:16.559+0000] {taskinstance.py:1979} INFO - Dependencies all met for dep_context=non-requeueable deps ti=<TaskInstance: lung_cancer_ml_pipeline.clean_data_task manual__2025-06-19T11:13:11+00:00 [queued]>
[2025-06-19T11:13:16.566+0000] {taskinstance.py:1979} INFO - Dependencies all met for dep_context=requeueable deps ti=<TaskInstance: lung_cancer_ml_pipeline.clean_data_task manual__2025-06-19T11:13:11+00:00 [queued]>
[2025-06-19T11:13:16.566+0000] {taskinstance.py:2193} INFO - Starting attempt 1 of 2
[2025-06-19T11:13:16.596+0000] {taskinstance.py:2214} INFO - Executing <Task(PythonOperator): clean_data_task> on 2025-06-19 11:13:11+00:00
[2025-06-19T11:13:16.611+0000] {standard_task_runner.py:60} INFO - Started process 380 to run task
[2025-06-19T11:13:16.615+0000] {standard_task_runner.py:87} INFO - Running: ['***', 'tasks', 'run', 'lung_cancer_ml_pipeline', 'clean_data_task', 'manual__2025-06-19T11:13:11+00:00', '--job-id', '68', '--raw', '--subdir', 'DAGS_FOLDER/ml_pipeline_dag.py', '--cfg-path', '/tmp/tmp625vn_1_']
[2025-06-19T11:13:16.623+0000] {standard_task_runner.py:88} INFO - Job 68: Subtask clean_data_task
[2025-06-19T11:13:16.666+0000] {warnings.py:109} WARNING - /home/***/.local/lib/python3.8/site-packages/***/settings.py:194: DeprecationWarning: The sql_alchemy_conn option in [core] has been moved to the sql_alchemy_conn option in [database] - the old setting has been used, but please update your config.
  SQL_ALCHEMY_CONN = conf.get("database", "SQL_ALCHEMY_CONN")

[2025-06-19T11:13:16.700+0000] {task_command.py:423} INFO - Running <TaskInstance: lung_cancer_ml_pipeline.clean_data_task manual__2025-06-19T11:13:11+00:00 [running]> on host 0064cba90111
[2025-06-19T11:13:16.796+0000] {taskinstance.py:2510} INFO - Exporting env vars: AIRFLOW_CTX_DAG_OWNER='***' AIRFLOW_CTX_DAG_ID='lung_cancer_ml_pipeline' AIRFLOW_CTX_TASK_ID='clean_data_task' AIRFLOW_CTX_EXECUTION_DATE='2025-06-19T11:13:11+00:00' AIRFLOW_CTX_TRY_NUMBER='1' AIRFLOW_CTX_DAG_RUN_ID='manual__2025-06-19T11:13:11+00:00'
[2025-06-19T11:13:16.797+0000] {logging_mixin.py:188} INFO - Starting data cleaning task...
[2025-06-19T11:13:16.802+0000] {logging_mixin.py:188} INFO - Reading data from: /opt/***/data/lung_cancer_mortality_data_test_v2.csv
[2025-06-19T11:13:16.811+0000] {logging_mixin.py:188} INFO - Data loaded successfully. Shape: (1000, 18)
[2025-06-19T11:13:16.811+0000] {logging_mixin.py:188} INFO - Starting data cleaning process...
[2025-06-19T11:13:16.813+0000] {logging_mixin.py:188} INFO - Missing values before cleaning: 0
[2025-06-19T11:13:16.824+0000] {logging_mixin.py:188} INFO - Missing values after cleaning: 0
[2025-06-19T11:13:16.826+0000] {logging_mixin.py:188} INFO - Duplicates before cleaning: 0
[2025-06-19T11:13:16.830+0000] {logging_mixin.py:188} INFO - Duplicates after cleaning: 0
[2025-06-19T11:13:16.833+0000] {logging_mixin.py:188} INFO - Column 'age' has 11 outliers
[2025-06-19T11:13:16.840+0000] {logging_mixin.py:188} INFO - Column 'cirrhosis' has 250 outliers
[2025-06-19T11:13:16.843+0000] {logging_mixin.py:188} INFO - Column 'other_cancer' has 98 outliers
[2025-06-19T11:13:16.845+0000] {logging_mixin.py:188} INFO - Column 'survived' has 212 outliers
[2025-06-19T11:13:16.846+0000] {logging_mixin.py:188} INFO - Data cleaning completed. Final shape: (1000, 18)
[2025-06-19T11:13:16.856+0000] {logging_mixin.py:188} INFO - Stored DataFrame with shape (1000, 18) at key 'lung_cancer:raw_data'
[2025-06-19T11:13:16.885+0000] {python.py:202} INFO - Done. Returned value was: Data cleaning completed
[2025-06-19T11:13:16.925+0000] {taskinstance.py:1149} INFO - Marking task as SUCCESS. dag_id=lung_cancer_ml_pipeline, task_id=clean_data_task, execution_date=20250619T111311, start_date=20250619T111316, end_date=20250619T111316
[2025-06-19T11:13:16.969+0000] {local_task_job_runner.py:234} INFO - Task exited with return code 0
[2025-06-19T11:13:16.994+0000] {taskinstance.py:3309} INFO - 1 downstream tasks scheduled from follow-on schedule check
