[2025-06-19T10:25:51.299+0000] {taskinstance.py:1979} INFO - Dependencies all met for dep_context=non-requeueable deps ti=<TaskInstance: lung_cancer_ml_pipeline.ingest_data_task manual__2025-06-19T10:25:48+00:00 [queued]>
[2025-06-19T10:25:51.306+0000] {taskinstance.py:1979} INFO - Dependencies all met for dep_context=requeueable deps ti=<TaskInstance: lung_cancer_ml_pipeline.ingest_data_task manual__2025-06-19T10:25:48+00:00 [queued]>
[2025-06-19T10:25:51.307+0000] {taskinstance.py:2193} INFO - Starting attempt 1 of 2
[2025-06-19T10:25:51.343+0000] {taskinstance.py:2214} INFO - Executing <Task(PythonOperator): ingest_data_task> on 2025-06-19 10:25:48+00:00
[2025-06-19T10:25:51.352+0000] {standard_task_runner.py:60} INFO - Started process 200 to run task
[2025-06-19T10:25:51.355+0000] {standard_task_runner.py:87} INFO - Running: ['***', 'tasks', 'run', 'lung_cancer_ml_pipeline', 'ingest_data_task', 'manual__2025-06-19T10:25:48+00:00', '--job-id', '7', '--raw', '--subdir', 'DAGS_FOLDER/ml_pipeline_dag.py', '--cfg-path', '/tmp/tmpst0j_to6']
[2025-06-19T10:25:51.357+0000] {standard_task_runner.py:88} INFO - Job 7: Subtask ingest_data_task
[2025-06-19T10:25:51.385+0000] {warnings.py:109} WARNING - /home/***/.local/lib/python3.8/site-packages/***/settings.py:194: DeprecationWarning: The sql_alchemy_conn option in [core] has been moved to the sql_alchemy_conn option in [database] - the old setting has been used, but please update your config.
  SQL_ALCHEMY_CONN = conf.get("database", "SQL_ALCHEMY_CONN")

[2025-06-19T10:25:51.413+0000] {task_command.py:423} INFO - Running <TaskInstance: lung_cancer_ml_pipeline.ingest_data_task manual__2025-06-19T10:25:48+00:00 [running]> on host 50ee7aa98663
[2025-06-19T10:25:51.581+0000] {taskinstance.py:2510} INFO - Exporting env vars: AIRFLOW_CTX_DAG_OWNER='***' AIRFLOW_CTX_DAG_ID='lung_cancer_ml_pipeline' AIRFLOW_CTX_TASK_ID='ingest_data_task' AIRFLOW_CTX_EXECUTION_DATE='2025-06-19T10:25:48+00:00' AIRFLOW_CTX_TRY_NUMBER='1' AIRFLOW_CTX_DAG_RUN_ID='manual__2025-06-19T10:25:48+00:00'
[2025-06-19T10:25:51.582+0000] {logging_mixin.py:188} INFO - Starting data ingestion task...
[2025-06-19T10:25:51.587+0000] {logging_mixin.py:188} INFO - Reading data from: /opt/***/data/lung_cancer_mortality_data_test_v2.csv
[2025-06-19T10:25:51.595+0000] {logging_mixin.py:188} INFO - Data loaded successfully. Shape: (1000, 18)
[2025-06-19T10:25:51.596+0000] {logging_mixin.py:188} INFO - Data ingested successfully. Shape: (1000, 18)
[2025-06-19T10:25:51.612+0000] {logging_mixin.py:188} INFO - Data summary: {'shape': (1000, 18), 'columns': ['id', 'age', 'gender', 'country', 'diagnosis_date', 'cancer_stage', 'beginning_of_treatment_date', 'family_history', 'smoking_status', 'bmi', 'cholesterol_level', 'hypertension', 'asthma', 'cirrhosis', 'other_cancer', 'treatment_type', 'end_treatment_date', 'survived'], 'numeric_columns': ['id', 'age', 'bmi', 'cholesterol_level', 'hypertension', 'asthma', 'cirrhosis', 'other_cancer', 'survived'], 'categorical_columns': ['gender', 'country', 'diagnosis_date', 'cancer_stage', 'beginning_of_treatment_date', 'family_history', 'smoking_status', 'treatment_type', 'end_treatment_date'], 'missing_values': {'id': 0, 'age': 0, 'gender': 0, 'country': 0, 'diagnosis_date': 0, 'cancer_stage': 0, 'beginning_of_treatment_date': 0, 'family_history': 0, 'smoking_status': 0, 'bmi': 0, 'cholesterol_level': 0, 'hypertension': 0, 'asthma': 0, 'cirrhosis': 0, 'other_cancer': 0, 'treatment_type': 0, 'end_treatment_date': 0, 'survived': 0}, 'data_types': {'id': 'int64', 'age': 'float64', 'gender': 'object', 'country': 'object', 'diagnosis_date': 'object', 'cancer_stage': 'object', 'beginning_of_treatment_date': 'object', 'family_history': 'object', 'smoking_status': 'object', 'bmi': 'float64', 'cholesterol_level': 'int64', 'hypertension': 'int64', 'asthma': 'int64', 'cirrhosis': 'int64', 'other_cancer': 'int64', 'treatment_type': 'object', 'end_treatment_date': 'object', 'survived': 'int64'}, 'summary_stats': {'id': {'count': 1000.0, 'mean': 500.5, 'std': 288.8194360957494, 'min': 1.0, '25%': 250.75, '50%': 500.5, '75%': 750.25, 'max': 1000.0}, 'age': {'count': 1000.0, 'mean': 54.651, 'std': 10.014364008087908, 'min': 21.0, '25%': 48.0, '50%': 55.0, '75%': 61.0, 'max': 90.0}, 'bmi': {'count': 1000.0, 'mean': 30.3472, 'std': 8.287034880287829, 'min': 16.0, '25%': 23.3, '50%': 30.2, '75%': 37.5, 'max': 45.0}, 'cholesterol_level': {'count': 1000.0, 'mean': 233.174, 'std': 43.61329893328231, 'min': 150.0, '25%': 195.0, '50%': 241.0, '75%': 272.0, 'max': 300.0}, 'hypertension': {'count': 1000.0, 'mean': 0.748, 'std': 0.4343785039394614, 'min': 0.0, '25%': 0.0, '50%': 1.0, '75%': 1.0, 'max': 1.0}, 'asthma': {'count': 1000.0, 'mean': 0.484, 'std': 0.4999939939579214, 'min': 0.0, '25%': 0.0, '50%': 0.0, '75%': 1.0, 'max': 1.0}, 'cirrhosis': {'count': 1000.0, 'mean': 0.25, 'std': 0.4332293707583636, 'min': 0.0, '25%': 0.0, '50%': 0.0, '75%': 0.25, 'max': 1.0}, 'other_cancer': {'count': 1000.0, 'mean': 0.098, 'std': 0.2974634170523906, 'min': 0.0, '25%': 0.0, '50%': 0.0, '75%': 0.0, 'max': 1.0}, 'survived': {'count': 1000.0, 'mean': 0.212, 'std': 0.4089293621436632, 'min': 0.0, '25%': 0.0, '50%': 0.0, '75%': 0.0, 'max': 1.0}}}
[2025-06-19T10:25:51.655+0000] {python.py:202} INFO - Done. Returned value was: Data ingestion completed
[2025-06-19T10:25:51.717+0000] {taskinstance.py:1149} INFO - Marking task as SUCCESS. dag_id=lung_cancer_ml_pipeline, task_id=ingest_data_task, execution_date=20250619T102548, start_date=20250619T102551, end_date=20250619T102551
[2025-06-19T10:25:51.780+0000] {local_task_job_runner.py:234} INFO - Task exited with return code 0
[2025-06-19T10:25:51.804+0000] {taskinstance.py:3309} INFO - 1 downstream tasks scheduled from follow-on schedule check
