[2025-06-19T09:59:20.954+0000] {manager.py:469} INFO - Processing files using up to 2 processes at a time 
[2025-06-19T09:59:20.955+0000] {manager.py:470} INFO - Process each file at most once every 30 seconds
[2025-06-19T09:59:20.955+0000] {manager.py:471} INFO - Checking for new files in /opt/airflow/dags every 300 seconds
[2025-06-19T09:59:20.955+0000] {manager.py:738} INFO - Searching for files in /opt/airflow/dags
[2025-06-19T09:59:20.957+0000] {manager.py:741} INFO - There are 1 files in /opt/airflow/dags
[2025-06-19T09:59:21.129+0000] {manager.py:879} INFO - 
================================================================================
DAG File Processing Stats

File Path                               PID  Runtime      # DAGs    # Errors  Last Runtime    Last Run
------------------------------------  -----  ---------  --------  ----------  --------------  ----------
/opt/airflow/dags/ml_pipeline_dag.py     37  0.03s             0           0
================================================================================
[2025-06-19T09:59:51.237+0000] {manager.py:879} INFO - 
================================================================================
DAG File Processing Stats

File Path                             PID    Runtime      # DAGs    # Errors  Last Runtime    Last Run
------------------------------------  -----  ---------  --------  ----------  --------------  -------------------
/opt/airflow/dags/ml_pipeline_dag.py                           0           1  7.72s           2025-06-19T09:59:28
================================================================================
[2025-06-19T10:00:22.043+0000] {manager.py:879} INFO - 
================================================================================
DAG File Processing Stats

File Path                             PID    Runtime      # DAGs    # Errors  Last Runtime    Last Run
------------------------------------  -----  ---------  --------  ----------  --------------  -------------------
/opt/airflow/dags/ml_pipeline_dag.py                           0           1  1.02s           2025-06-19T09:59:59
================================================================================
[2025-06-19T10:00:52.185+0000] {manager.py:879} INFO - 
================================================================================
DAG File Processing Stats

File Path                             PID    Runtime      # DAGs    # Errors  Last Runtime    Last Run
------------------------------------  -----  ---------  --------  ----------  --------------  -------------------
/opt/airflow/dags/ml_pipeline_dag.py                           0           1  0.27s           2025-06-19T10:00:30
================================================================================
[2025-06-19T10:01:22.560+0000] {manager.py:879} INFO - 
================================================================================
DAG File Processing Stats

File Path                             PID    Runtime      # DAGs    # Errors  Last Runtime    Last Run
------------------------------------  -----  ---------  --------  ----------  --------------  -------------------
/opt/airflow/dags/ml_pipeline_dag.py                           0           1  0.24s           2025-06-19T10:01:00
================================================================================
[2025-06-19T10:01:52.911+0000] {manager.py:879} INFO - 
================================================================================
DAG File Processing Stats

File Path                             PID    Runtime      # DAGs    # Errors  Last Runtime    Last Run
------------------------------------  -----  ---------  --------  ----------  --------------  -------------------
/opt/airflow/dags/ml_pipeline_dag.py                           0           1  0.38s           2025-06-19T10:01:31
================================================================================
[2025-06-19T10:02:23.404+0000] {manager.py:879} INFO - 
================================================================================
DAG File Processing Stats

File Path                             PID    Runtime      # DAGs    # Errors  Last Runtime    Last Run
------------------------------------  -----  ---------  --------  ----------  --------------  -------------------
/opt/airflow/dags/ml_pipeline_dag.py                           0           1  0.25s           2025-06-19T10:02:01
================================================================================
[2025-06-19T10:02:53.760+0000] {manager.py:879} INFO - 
================================================================================
DAG File Processing Stats

File Path                             PID    Runtime      # DAGs    # Errors  Last Runtime    Last Run
------------------------------------  -----  ---------  --------  ----------  --------------  -------------------
/opt/airflow/dags/ml_pipeline_dag.py                           0           1  0.38s           2025-06-19T10:02:32
================================================================================
[2025-06-19T10:03:24.265+0000] {manager.py:879} INFO - 
================================================================================
DAG File Processing Stats

File Path                             PID    Runtime      # DAGs    # Errors  Last Runtime    Last Run
------------------------------------  -----  ---------  --------  ----------  --------------  -------------------
/opt/airflow/dags/ml_pipeline_dag.py                           0           1  0.45s           2025-06-19T10:03:02
================================================================================
[2025-06-19T10:03:54.847+0000] {manager.py:879} INFO - 
================================================================================
DAG File Processing Stats

File Path                             PID    Runtime      # DAGs    # Errors  Last Runtime    Last Run
------------------------------------  -----  ---------  --------  ----------  --------------  -------------------
/opt/airflow/dags/ml_pipeline_dag.py                           0           1  0.24s           2025-06-19T10:03:32
================================================================================
[2025-06-19T10:04:21.183+0000] {manager.py:738} INFO - Searching for files in /opt/airflow/dags
[2025-06-19T10:04:21.186+0000] {manager.py:741} INFO - There are 1 files in /opt/airflow/dags
[2025-06-19T10:04:25.210+0000] {manager.py:879} INFO - 
================================================================================
DAG File Processing Stats

File Path                             PID    Runtime      # DAGs    # Errors  Last Runtime    Last Run
------------------------------------  -----  ---------  --------  ----------  --------------  -------------------
/opt/airflow/dags/ml_pipeline_dag.py                           0           1  0.23s           2025-06-19T10:04:03
================================================================================
[2025-06-19T10:04:55.541+0000] {manager.py:879} INFO - 
================================================================================
DAG File Processing Stats

File Path                             PID    Runtime      # DAGs    # Errors  Last Runtime    Last Run
------------------------------------  -----  ---------  --------  ----------  --------------  -------------------
/opt/airflow/dags/ml_pipeline_dag.py                           0           1  0.26s           2025-06-19T10:04:33
================================================================================
[2025-06-19T10:05:25.922+0000] {manager.py:879} INFO - 
================================================================================
DAG File Processing Stats

File Path                             PID    Runtime      # DAGs    # Errors  Last Runtime    Last Run
------------------------------------  -----  ---------  --------  ----------  --------------  -------------------
/opt/airflow/dags/ml_pipeline_dag.py                           0           1  0.32s           2025-06-19T10:05:04
================================================================================
[2025-06-19T10:05:56.048+0000] {manager.py:879} INFO - 
================================================================================
DAG File Processing Stats

File Path                             PID    Runtime      # DAGs    # Errors  Last Runtime    Last Run
------------------------------------  -----  ---------  --------  ----------  --------------  -------------------
/opt/airflow/dags/ml_pipeline_dag.py                           0           1  0.79s           2025-06-19T10:05:35
================================================================================
[2025-06-19T10:06:26.259+0000] {manager.py:879} INFO - 
================================================================================
DAG File Processing Stats

File Path                             PID    Runtime      # DAGs    # Errors  Last Runtime    Last Run
------------------------------------  -----  ---------  --------  ----------  --------------  -------------------
/opt/airflow/dags/ml_pipeline_dag.py                           0           1  0.27s           2025-06-19T10:06:05
================================================================================
[2025-06-19T10:06:56.564+0000] {manager.py:879} INFO - 
================================================================================
DAG File Processing Stats

File Path                             PID    Runtime      # DAGs    # Errors  Last Runtime    Last Run
------------------------------------  -----  ---------  --------  ----------  --------------  -------------------
/opt/airflow/dags/ml_pipeline_dag.py                           0           1  0.26s           2025-06-19T10:06:35
================================================================================
[2025-06-19T10:07:26.944+0000] {manager.py:879} INFO - 
================================================================================
DAG File Processing Stats

File Path                             PID    Runtime      # DAGs    # Errors  Last Runtime    Last Run
------------------------------------  -----  ---------  --------  ----------  --------------  -------------------
/opt/airflow/dags/ml_pipeline_dag.py                           0           1  0.27s           2025-06-19T10:07:06
================================================================================
[2025-06-19T10:07:57.326+0000] {manager.py:879} INFO - 
================================================================================
DAG File Processing Stats

File Path                             PID    Runtime      # DAGs    # Errors  Last Runtime    Last Run
------------------------------------  -----  ---------  --------  ----------  --------------  -------------------
/opt/airflow/dags/ml_pipeline_dag.py                           0           1  0.28s           2025-06-19T10:07:36
================================================================================
[2025-06-19T10:08:27.715+0000] {manager.py:879} INFO - 
================================================================================
DAG File Processing Stats

File Path                             PID    Runtime      # DAGs    # Errors  Last Runtime    Last Run
------------------------------------  -----  ---------  --------  ----------  --------------  -------------------
/opt/airflow/dags/ml_pipeline_dag.py                           0           1  0.39s           2025-06-19T10:08:07
================================================================================
[2025-06-19T10:08:58.215+0000] {manager.py:879} INFO - 
================================================================================
DAG File Processing Stats

File Path                             PID    Runtime      # DAGs    # Errors  Last Runtime    Last Run
------------------------------------  -----  ---------  --------  ----------  --------------  -------------------
/opt/airflow/dags/ml_pipeline_dag.py                           0           1  0.33s           2025-06-19T10:08:37
================================================================================
[2025-06-19T10:09:21.622+0000] {manager.py:738} INFO - Searching for files in /opt/airflow/dags
[2025-06-19T10:09:21.625+0000] {manager.py:741} INFO - There are 1 files in /opt/airflow/dags
[2025-06-19T10:09:28.661+0000] {manager.py:879} INFO - 
================================================================================
DAG File Processing Stats

File Path                             PID    Runtime      # DAGs    # Errors  Last Runtime    Last Run
------------------------------------  -----  ---------  --------  ----------  --------------  -------------------
/opt/airflow/dags/ml_pipeline_dag.py                           0           1  0.30s           2025-06-19T10:09:07
================================================================================
[2025-06-19T10:09:59.069+0000] {manager.py:879} INFO - 
================================================================================
DAG File Processing Stats

File Path                             PID    Runtime      # DAGs    # Errors  Last Runtime    Last Run
------------------------------------  -----  ---------  --------  ----------  --------------  -------------------
/opt/airflow/dags/ml_pipeline_dag.py                           0           1  0.28s           2025-06-19T10:09:38
================================================================================
[2025-06-19T10:10:27.089+0000] {manager.py:451} INFO - Exiting gracefully upon receiving signal 15
[2025-06-19T10:10:38.391+0000] {manager.py:469} INFO - Processing files using up to 2 processes at a time 
[2025-06-19T10:10:38.392+0000] {manager.py:470} INFO - Process each file at most once every 30 seconds
[2025-06-19T10:10:38.392+0000] {manager.py:471} INFO - Checking for new files in /opt/airflow/dags every 300 seconds
[2025-06-19T10:10:38.392+0000] {manager.py:738} INFO - Searching for files in /opt/airflow/dags
[2025-06-19T10:10:38.395+0000] {manager.py:741} INFO - There are 1 files in /opt/airflow/dags
[2025-06-19T10:10:38.456+0000] {manager.py:879} INFO - 
================================================================================
DAG File Processing Stats

File Path                               PID  Runtime      # DAGs    # Errors  Last Runtime    Last Run
------------------------------------  -----  ---------  --------  ----------  --------------  ----------
/opt/airflow/dags/ml_pipeline_dag.py     37  0.03s             0           0
================================================================================
[2025-06-19T10:11:08.586+0000] {manager.py:879} INFO - 
================================================================================
DAG File Processing Stats

File Path                             PID    Runtime      # DAGs    # Errors  Last Runtime    Last Run
------------------------------------  -----  ---------  --------  ----------  --------------  -------------------
/opt/airflow/dags/ml_pipeline_dag.py                           0           1  0.30s           2025-06-19T10:10:38
================================================================================
[2025-06-19T10:11:38.976+0000] {manager.py:879} INFO - 
================================================================================
DAG File Processing Stats

File Path                             PID    Runtime      # DAGs    # Errors  Last Runtime    Last Run
------------------------------------  -----  ---------  --------  ----------  --------------  -------------------
/opt/airflow/dags/ml_pipeline_dag.py                           0           1  0.32s           2025-06-19T10:11:09
================================================================================
[2025-06-19T10:12:09.413+0000] {manager.py:879} INFO - 
================================================================================
DAG File Processing Stats

File Path                             PID    Runtime      # DAGs    # Errors  Last Runtime    Last Run
------------------------------------  -----  ---------  --------  ----------  --------------  -------------------
/opt/airflow/dags/ml_pipeline_dag.py                           0           1  0.27s           2025-06-19T10:11:39
================================================================================
[2025-06-19T10:12:39.789+0000] {manager.py:879} INFO - 
================================================================================
DAG File Processing Stats

File Path                             PID    Runtime      # DAGs    # Errors  Last Runtime    Last Run
------------------------------------  -----  ---------  --------  ----------  --------------  -------------------
/opt/airflow/dags/ml_pipeline_dag.py                           0           1  0.26s           2025-06-19T10:12:09
================================================================================
[2025-06-19T10:13:10.179+0000] {manager.py:879} INFO - 
================================================================================
DAG File Processing Stats

File Path                             PID    Runtime      # DAGs    # Errors  Last Runtime    Last Run
------------------------------------  -----  ---------  --------  ----------  --------------  -------------------
/opt/airflow/dags/ml_pipeline_dag.py                           0           1  0.26s           2025-06-19T10:12:40
================================================================================
[2025-06-19T10:13:40.560+0000] {manager.py:879} INFO - 
================================================================================
DAG File Processing Stats

File Path                             PID    Runtime      # DAGs    # Errors  Last Runtime    Last Run
------------------------------------  -----  ---------  --------  ----------  --------------  -------------------
/opt/airflow/dags/ml_pipeline_dag.py                           0           1  0.25s           2025-06-19T10:13:10
================================================================================
[2025-06-19T10:14:10.916+0000] {manager.py:879} INFO - 
================================================================================
DAG File Processing Stats

File Path                             PID    Runtime      # DAGs    # Errors  Last Runtime    Last Run
------------------------------------  -----  ---------  --------  ----------  --------------  -------------------
/opt/airflow/dags/ml_pipeline_dag.py                           0           1  0.33s           2025-06-19T10:13:41
================================================================================
[2025-06-19T10:14:41.360+0000] {manager.py:879} INFO - 
================================================================================
DAG File Processing Stats

File Path                             PID    Runtime      # DAGs    # Errors  Last Runtime    Last Run
------------------------------------  -----  ---------  --------  ----------  --------------  -------------------
/opt/airflow/dags/ml_pipeline_dag.py                           0           1  0.28s           2025-06-19T10:14:11
================================================================================
[2025-06-19T10:15:11.749+0000] {manager.py:879} INFO - 
================================================================================
DAG File Processing Stats

File Path                             PID    Runtime      # DAGs    # Errors  Last Runtime    Last Run
------------------------------------  -----  ---------  --------  ----------  --------------  -------------------
/opt/airflow/dags/ml_pipeline_dag.py                           0           1  0.29s           2025-06-19T10:14:41
================================================================================
[2025-06-19T10:15:39.138+0000] {manager.py:738} INFO - Searching for files in /opt/airflow/dags
[2025-06-19T10:15:39.141+0000] {manager.py:741} INFO - There are 1 files in /opt/airflow/dags
[2025-06-19T10:15:42.162+0000] {manager.py:879} INFO - 
================================================================================
DAG File Processing Stats

File Path                             PID    Runtime      # DAGs    # Errors  Last Runtime    Last Run
------------------------------------  -----  ---------  --------  ----------  --------------  -------------------
/opt/airflow/dags/ml_pipeline_dag.py                           0           1  0.26s           2025-06-19T10:15:12
================================================================================
[2025-06-19T10:16:12.518+0000] {manager.py:879} INFO - 
================================================================================
DAG File Processing Stats

File Path                             PID    Runtime      # DAGs    # Errors  Last Runtime    Last Run
------------------------------------  -----  ---------  --------  ----------  --------------  -------------------
/opt/airflow/dags/ml_pipeline_dag.py                           0           1  0.27s           2025-06-19T10:15:42
================================================================================
[2025-06-19T10:16:42.901+0000] {manager.py:879} INFO - 
================================================================================
DAG File Processing Stats

File Path                             PID    Runtime      # DAGs    # Errors  Last Runtime    Last Run
------------------------------------  -----  ---------  --------  ----------  --------------  -------------------
/opt/airflow/dags/ml_pipeline_dag.py                           0           1  0.31s           2025-06-19T10:16:13
================================================================================
[2025-06-19T10:17:13.392+0000] {manager.py:879} INFO - 
================================================================================
DAG File Processing Stats

File Path                             PID    Runtime      # DAGs    # Errors  Last Runtime    Last Run
------------------------------------  -----  ---------  --------  ----------  --------------  -------------------
/opt/airflow/dags/ml_pipeline_dag.py                           0           1  0.27s           2025-06-19T10:16:43
================================================================================
[2025-06-19T10:17:43.776+0000] {manager.py:879} INFO - 
================================================================================
DAG File Processing Stats

File Path                             PID    Runtime      # DAGs    # Errors  Last Runtime    Last Run
------------------------------------  -----  ---------  --------  ----------  --------------  -------------------
/opt/airflow/dags/ml_pipeline_dag.py                           0           1  0.28s           2025-06-19T10:17:13
================================================================================
[2025-06-19T10:18:14.171+0000] {manager.py:879} INFO - 
================================================================================
DAG File Processing Stats

File Path                             PID    Runtime      # DAGs    # Errors  Last Runtime    Last Run
------------------------------------  -----  ---------  --------  ----------  --------------  -------------------
/opt/airflow/dags/ml_pipeline_dag.py                           0           1  0.30s           2025-06-19T10:17:44
================================================================================
[2025-06-19T10:18:44.578+0000] {manager.py:879} INFO - 
================================================================================
DAG File Processing Stats

File Path                             PID    Runtime      # DAGs    # Errors  Last Runtime    Last Run
------------------------------------  -----  ---------  --------  ----------  --------------  -------------------
/opt/airflow/dags/ml_pipeline_dag.py                           0           1  0.29s           2025-06-19T10:18:14
================================================================================
[2025-06-19T10:19:14.985+0000] {manager.py:879} INFO - 
================================================================================
DAG File Processing Stats

File Path                             PID    Runtime      # DAGs    # Errors  Last Runtime    Last Run
------------------------------------  -----  ---------  --------  ----------  --------------  -------------------
/opt/airflow/dags/ml_pipeline_dag.py                           0           1  0.26s           2025-06-19T10:18:45
================================================================================
[2025-06-19T10:19:45.115+0000] {manager.py:879} INFO - 
================================================================================
DAG File Processing Stats

File Path                             PID    Runtime      # DAGs    # Errors  Last Runtime    Last Run
------------------------------------  -----  ---------  --------  ----------  --------------  -------------------
/opt/airflow/dags/ml_pipeline_dag.py                           0           1  16.03s          2025-06-19T10:19:31
================================================================================
[2025-06-19T10:20:15.435+0000] {manager.py:879} INFO - 
================================================================================
DAG File Processing Stats

File Path                             PID    Runtime      # DAGs    # Errors  Last Runtime    Last Run
------------------------------------  -----  ---------  --------  ----------  --------------  -------------------
/opt/airflow/dags/ml_pipeline_dag.py                           0           1  1.35s           2025-06-19T10:20:02
================================================================================
[2025-06-19T10:20:39.858+0000] {manager.py:738} INFO - Searching for files in /opt/airflow/dags
[2025-06-19T10:20:39.861+0000] {manager.py:741} INFO - There are 1 files in /opt/airflow/dags
[2025-06-19T10:20:45.897+0000] {manager.py:879} INFO - 
================================================================================
DAG File Processing Stats

File Path                             PID    Runtime      # DAGs    # Errors  Last Runtime    Last Run
------------------------------------  -----  ---------  --------  ----------  --------------  -------------------
/opt/airflow/dags/ml_pipeline_dag.py                           0           1  4.02s           2025-06-19T10:20:36
================================================================================
[2025-06-19T10:21:16.039+0000] {manager.py:879} INFO - 
================================================================================
DAG File Processing Stats

File Path                             PID    Runtime      # DAGs    # Errors  Last Runtime    Last Run
------------------------------------  -----  ---------  --------  ----------  --------------  -------------------
/opt/airflow/dags/ml_pipeline_dag.py                           0           1  1.35s           2025-06-19T10:21:08
================================================================================
[2025-06-19T10:21:46.497+0000] {manager.py:879} INFO - 
================================================================================
DAG File Processing Stats

File Path                             PID    Runtime      # DAGs    # Errors  Last Runtime    Last Run
------------------------------------  -----  ---------  --------  ----------  --------------  -------------------
/opt/airflow/dags/ml_pipeline_dag.py                           0           1  1.36s           2025-06-19T10:21:39
================================================================================
[2025-06-19T10:22:16.970+0000] {manager.py:879} INFO - 
================================================================================
DAG File Processing Stats

File Path                             PID    Runtime      # DAGs    # Errors  Last Runtime    Last Run
------------------------------------  -----  ---------  --------  ----------  --------------  -------------------
/opt/airflow/dags/ml_pipeline_dag.py                           0           1  1.33s           2025-06-19T10:22:11
================================================================================
[2025-06-19T10:22:47.409+0000] {manager.py:879} INFO - 
================================================================================
DAG File Processing Stats

File Path                             PID    Runtime      # DAGs    # Errors  Last Runtime    Last Run
------------------------------------  -----  ---------  --------  ----------  --------------  -------------------
/opt/airflow/dags/ml_pipeline_dag.py                           0           1  1.47s           2025-06-19T10:22:42
================================================================================
[2025-06-19T10:23:17.529+0000] {manager.py:879} INFO - 
================================================================================
DAG File Processing Stats

File Path                             PID    Runtime      # DAGs    # Errors  Last Runtime    Last Run
------------------------------------  -----  ---------  --------  ----------  --------------  -------------------
/opt/airflow/dags/ml_pipeline_dag.py                           1           0  2.99s           2025-06-19T10:23:15
================================================================================
[2025-06-19T10:23:48.088+0000] {manager.py:879} INFO - 
================================================================================
DAG File Processing Stats

File Path                             PID    Runtime      # DAGs    # Errors  Last Runtime    Last Run
------------------------------------  -----  ---------  --------  ----------  --------------  -------------------
/opt/airflow/dags/ml_pipeline_dag.py                           1           0  1.35s           2025-06-19T10:23:47
================================================================================
[2025-06-19T10:23:52.785+0000] {manager.py:451} INFO - Exiting gracefully upon receiving signal 15
[2025-06-19T10:24:02.679+0000] {manager.py:469} INFO - Processing files using up to 2 processes at a time 
[2025-06-19T10:24:02.679+0000] {manager.py:470} INFO - Process each file at most once every 30 seconds
[2025-06-19T10:24:02.679+0000] {manager.py:471} INFO - Checking for new files in /opt/airflow/dags every 300 seconds
[2025-06-19T10:24:02.680+0000] {manager.py:738} INFO - Searching for files in /opt/airflow/dags
[2025-06-19T10:24:02.682+0000] {manager.py:741} INFO - There are 1 files in /opt/airflow/dags
[2025-06-19T10:24:02.747+0000] {manager.py:879} INFO - 
================================================================================
DAG File Processing Stats

File Path                               PID  Runtime      # DAGs    # Errors  Last Runtime    Last Run
------------------------------------  -----  ---------  --------  ----------  --------------  ----------
/opt/airflow/dags/ml_pipeline_dag.py     70  0.03s             0           0
================================================================================
[2025-06-19T10:24:32.858+0000] {manager.py:879} INFO - 
================================================================================
DAG File Processing Stats

File Path                             PID    Runtime      # DAGs    # Errors  Last Runtime    Last Run
------------------------------------  -----  ---------  --------  ----------  --------------  -------------------
/opt/airflow/dags/ml_pipeline_dag.py                           1           0  1.56s           2025-06-19T10:24:04
================================================================================
[2025-06-19T10:25:02.938+0000] {manager.py:879} INFO - 
================================================================================
DAG File Processing Stats

File Path                             PID    Runtime      # DAGs    # Errors  Last Runtime    Last Run
------------------------------------  -----  ---------  --------  ----------  --------------  -------------------
/opt/airflow/dags/ml_pipeline_dag.py                           1           0  1.45s           2025-06-19T10:24:35
================================================================================
[2025-06-19T10:25:33.052+0000] {manager.py:879} INFO - 
================================================================================
DAG File Processing Stats

File Path                             PID    Runtime      # DAGs    # Errors  Last Runtime    Last Run
------------------------------------  -----  ---------  --------  ----------  --------------  -------------------
/opt/airflow/dags/ml_pipeline_dag.py                           1           0  1.49s           2025-06-19T10:25:07
================================================================================
[2025-06-19T10:26:03.187+0000] {manager.py:879} INFO - 
================================================================================
DAG File Processing Stats

File Path                             PID    Runtime      # DAGs    # Errors  Last Runtime    Last Run
------------------------------------  -----  ---------  --------  ----------  --------------  -------------------
/opt/airflow/dags/ml_pipeline_dag.py                           1           0  1.58s           2025-06-19T10:25:39
================================================================================
[2025-06-19T10:26:33.335+0000] {manager.py:879} INFO - 
================================================================================
DAG File Processing Stats

File Path                             PID    Runtime      # DAGs    # Errors  Last Runtime    Last Run
------------------------------------  -----  ---------  --------  ----------  --------------  -------------------
/opt/airflow/dags/ml_pipeline_dag.py                           1           0  1.47s           2025-06-19T10:26:10
================================================================================
[2025-06-19T10:27:03.900+0000] {manager.py:879} INFO - 
================================================================================
DAG File Processing Stats

File Path                             PID    Runtime      # DAGs    # Errors  Last Runtime    Last Run
------------------------------------  -----  ---------  --------  ----------  --------------  -------------------
/opt/airflow/dags/ml_pipeline_dag.py                           1           0  1.44s           2025-06-19T10:26:42
================================================================================
[2025-06-19T10:27:34.455+0000] {manager.py:879} INFO - 
================================================================================
DAG File Processing Stats

File Path                             PID    Runtime      # DAGs    # Errors  Last Runtime    Last Run
------------------------------------  -----  ---------  --------  ----------  --------------  -------------------
/opt/airflow/dags/ml_pipeline_dag.py                           1           0  1.40s           2025-06-19T10:27:13
================================================================================
[2025-06-19T10:28:04.969+0000] {manager.py:879} INFO - 
================================================================================
DAG File Processing Stats

File Path                             PID    Runtime      # DAGs    # Errors  Last Runtime    Last Run
------------------------------------  -----  ---------  --------  ----------  --------------  -------------------
/opt/airflow/dags/ml_pipeline_dag.py                           1           0  1.33s           2025-06-19T10:27:45
================================================================================
[2025-06-19T10:28:35.396+0000] {manager.py:879} INFO - 
================================================================================
DAG File Processing Stats

File Path                             PID    Runtime      # DAGs    # Errors  Last Runtime    Last Run
------------------------------------  -----  ---------  --------  ----------  --------------  -------------------
/opt/airflow/dags/ml_pipeline_dag.py                           1           0  1.35s           2025-06-19T10:28:16
================================================================================
[2025-06-19T10:29:02.834+0000] {manager.py:738} INFO - Searching for files in /opt/airflow/dags
[2025-06-19T10:29:02.836+0000] {manager.py:741} INFO - There are 1 files in /opt/airflow/dags
[2025-06-19T10:29:05.853+0000] {manager.py:879} INFO - 
================================================================================
DAG File Processing Stats

File Path                             PID    Runtime      # DAGs    # Errors  Last Runtime    Last Run
------------------------------------  -----  ---------  --------  ----------  --------------  -------------------
/opt/airflow/dags/ml_pipeline_dag.py                           1           0  1.50s           2025-06-19T10:28:48
================================================================================
[2025-06-19T10:29:35.937+0000] {manager.py:879} INFO - 
================================================================================
DAG File Processing Stats

File Path                             PID    Runtime      # DAGs    # Errors  Last Runtime    Last Run
------------------------------------  -----  ---------  --------  ----------  --------------  -------------------
/opt/airflow/dags/ml_pipeline_dag.py                           1           0  1.49s           2025-06-19T10:29:19
================================================================================
[2025-06-19T10:30:06.063+0000] {manager.py:879} INFO - 
================================================================================
DAG File Processing Stats

File Path                             PID    Runtime      # DAGs    # Errors  Last Runtime    Last Run
------------------------------------  -----  ---------  --------  ----------  --------------  -------------------
/opt/airflow/dags/ml_pipeline_dag.py                           1           0  1.49s           2025-06-19T10:29:51
================================================================================
[2025-06-19T10:30:36.193+0000] {manager.py:879} INFO - 
================================================================================
DAG File Processing Stats

File Path                             PID    Runtime      # DAGs    # Errors  Last Runtime    Last Run
------------------------------------  -----  ---------  --------  ----------  --------------  -------------------
/opt/airflow/dags/ml_pipeline_dag.py                           1           0  1.55s           2025-06-19T10:30:23
================================================================================
[2025-06-19T10:31:06.326+0000] {manager.py:879} INFO - 
================================================================================
DAG File Processing Stats

File Path                             PID    Runtime      # DAGs    # Errors  Last Runtime    Last Run
------------------------------------  -----  ---------  --------  ----------  --------------  -------------------
/opt/airflow/dags/ml_pipeline_dag.py                           1           0  1.50s           2025-06-19T10:30:54
================================================================================
[2025-06-19T10:31:36.941+0000] {manager.py:879} INFO - 
================================================================================
DAG File Processing Stats

File Path                             PID    Runtime      # DAGs    # Errors  Last Runtime    Last Run
------------------------------------  -----  ---------  --------  ----------  --------------  -------------------
/opt/airflow/dags/ml_pipeline_dag.py                           1           0  1.35s           2025-06-19T10:31:26
================================================================================
[2025-06-19T10:32:07.398+0000] {manager.py:879} INFO - 
================================================================================
DAG File Processing Stats

File Path                             PID    Runtime      # DAGs    # Errors  Last Runtime    Last Run
------------------------------------  -----  ---------  --------  ----------  --------------  -------------------
/opt/airflow/dags/ml_pipeline_dag.py                           1           0  1.35s           2025-06-19T10:31:57
================================================================================
[2025-06-19T10:32:37.862+0000] {manager.py:879} INFO - 
================================================================================
DAG File Processing Stats

File Path                             PID    Runtime      # DAGs    # Errors  Last Runtime    Last Run
------------------------------------  -----  ---------  --------  ----------  --------------  -------------------
/opt/airflow/dags/ml_pipeline_dag.py                           1           0  1.37s           2025-06-19T10:32:29
================================================================================
[2025-06-19T10:33:08.339+0000] {manager.py:879} INFO - 
================================================================================
DAG File Processing Stats

File Path                             PID    Runtime      # DAGs    # Errors  Last Runtime    Last Run
------------------------------------  -----  ---------  --------  ----------  --------------  -------------------
/opt/airflow/dags/ml_pipeline_dag.py                           1           0  1.35s           2025-06-19T10:33:00
================================================================================
[2025-06-19T10:33:38.797+0000] {manager.py:879} INFO - 
================================================================================
DAG File Processing Stats

File Path                             PID    Runtime      # DAGs    # Errors  Last Runtime    Last Run
------------------------------------  -----  ---------  --------  ----------  --------------  -------------------
/opt/airflow/dags/ml_pipeline_dag.py                           1           0  1.36s           2025-06-19T10:33:32
================================================================================
[2025-06-19T10:34:02.896+0000] {manager.py:738} INFO - Searching for files in /opt/airflow/dags
[2025-06-19T10:34:02.899+0000] {manager.py:741} INFO - There are 1 files in /opt/airflow/dags
[2025-06-19T10:34:09.264+0000] {manager.py:879} INFO - 
================================================================================
DAG File Processing Stats

File Path                             PID    Runtime      # DAGs    # Errors  Last Runtime    Last Run
------------------------------------  -----  ---------  --------  ----------  --------------  -------------------
/opt/airflow/dags/ml_pipeline_dag.py                           1           0  1.50s           2025-06-19T10:34:03
================================================================================
[2025-06-19T10:34:39.872+0000] {manager.py:879} INFO - 
================================================================================
DAG File Processing Stats

File Path                             PID    Runtime      # DAGs    # Errors  Last Runtime    Last Run
------------------------------------  -----  ---------  --------  ----------  --------------  -------------------
/opt/airflow/dags/ml_pipeline_dag.py                           1           0  1.31s           2025-06-19T10:34:35
================================================================================
[2025-06-19T10:35:10.291+0000] {manager.py:879} INFO - 
================================================================================
DAG File Processing Stats

File Path                             PID    Runtime      # DAGs    # Errors  Last Runtime    Last Run
------------------------------------  -----  ---------  --------  ----------  --------------  -------------------
/opt/airflow/dags/ml_pipeline_dag.py                           1           0  1.39s           2025-06-19T10:35:06
================================================================================
[2025-06-19T10:35:40.800+0000] {manager.py:879} INFO - 
================================================================================
DAG File Processing Stats

File Path                             PID    Runtime      # DAGs    # Errors  Last Runtime    Last Run
------------------------------------  -----  ---------  --------  ----------  --------------  -------------------
/opt/airflow/dags/ml_pipeline_dag.py                           1           0  1.39s           2025-06-19T10:35:38
================================================================================
[2025-06-19T10:36:11.300+0000] {manager.py:879} INFO - 
================================================================================
DAG File Processing Stats

File Path                             PID    Runtime      # DAGs    # Errors  Last Runtime    Last Run
------------------------------------  -----  ---------  --------  ----------  --------------  -------------------
/opt/airflow/dags/ml_pipeline_dag.py                           1           0  1.48s           2025-06-19T10:36:09
================================================================================
[2025-06-19T10:36:41.422+0000] {manager.py:879} INFO - 
================================================================================
DAG File Processing Stats

File Path                             PID    Runtime      # DAGs    # Errors  Last Runtime    Last Run
------------------------------------  -----  ---------  --------  ----------  --------------  -------------------
/opt/airflow/dags/ml_pipeline_dag.py                           1           0  1.54s           2025-06-19T10:36:41
================================================================================
[2025-06-19T10:37:11.546+0000] {manager.py:879} INFO - 
================================================================================
DAG File Processing Stats

File Path                               PID  Runtime      # DAGs    # Errors  Last Runtime    Last Run
------------------------------------  -----  ---------  --------  ----------  --------------  -------------------
/opt/airflow/dags/ml_pipeline_dag.py    809  0.00s             1           0  1.54s           2025-06-19T10:36:41
================================================================================
[2025-06-19T10:37:42.135+0000] {manager.py:879} INFO - 
================================================================================
DAG File Processing Stats

File Path                             PID    Runtime      # DAGs    # Errors  Last Runtime    Last Run
------------------------------------  -----  ---------  --------  ----------  --------------  -------------------
/opt/airflow/dags/ml_pipeline_dag.py                           1           0  1.49s           2025-06-19T10:37:13
================================================================================
[2025-06-19T10:38:12.259+0000] {manager.py:879} INFO - 
================================================================================
DAG File Processing Stats

File Path                             PID    Runtime      # DAGs    # Errors  Last Runtime    Last Run
------------------------------------  -----  ---------  --------  ----------  --------------  -------------------
/opt/airflow/dags/ml_pipeline_dag.py                           1           0  1.49s           2025-06-19T10:37:44
================================================================================
[2025-06-19T10:38:42.319+0000] {manager.py:879} INFO - 
================================================================================
DAG File Processing Stats

File Path                             PID    Runtime      # DAGs    # Errors  Last Runtime    Last Run
------------------------------------  -----  ---------  --------  ----------  --------------  -------------------
/opt/airflow/dags/ml_pipeline_dag.py                           1           0  1.47s           2025-06-19T10:38:16
================================================================================
[2025-06-19T10:39:03.408+0000] {manager.py:738} INFO - Searching for files in /opt/airflow/dags
[2025-06-19T10:39:03.411+0000] {manager.py:741} INFO - There are 1 files in /opt/airflow/dags
[2025-06-19T10:39:12.451+0000] {manager.py:879} INFO - 
================================================================================
DAG File Processing Stats

File Path                             PID    Runtime      # DAGs    # Errors  Last Runtime    Last Run
------------------------------------  -----  ---------  --------  ----------  --------------  -------------------
/opt/airflow/dags/ml_pipeline_dag.py                           1           0  1.38s           2025-06-19T10:38:47
================================================================================
[2025-06-19T10:39:42.922+0000] {manager.py:879} INFO - 
================================================================================
DAG File Processing Stats

File Path                             PID    Runtime      # DAGs    # Errors  Last Runtime    Last Run
------------------------------------  -----  ---------  --------  ----------  --------------  -------------------
/opt/airflow/dags/ml_pipeline_dag.py                           1           0  1.45s           2025-06-19T10:39:19
================================================================================
[2025-06-19T10:40:13.489+0000] {manager.py:879} INFO - 
================================================================================
DAG File Processing Stats

File Path                             PID    Runtime      # DAGs    # Errors  Last Runtime    Last Run
------------------------------------  -----  ---------  --------  ----------  --------------  -------------------
/opt/airflow/dags/ml_pipeline_dag.py                           1           0  1.33s           2025-06-19T10:39:50
================================================================================
[2025-06-19T10:40:43.932+0000] {manager.py:879} INFO - 
================================================================================
DAG File Processing Stats

File Path                             PID    Runtime      # DAGs    # Errors  Last Runtime    Last Run
------------------------------------  -----  ---------  --------  ----------  --------------  -------------------
/opt/airflow/dags/ml_pipeline_dag.py                           1           0  1.53s           2025-06-19T10:40:22
================================================================================
[2025-06-19T10:41:14.003+0000] {manager.py:879} INFO - 
================================================================================
DAG File Processing Stats

File Path                             PID    Runtime      # DAGs    # Errors  Last Runtime    Last Run
------------------------------------  -----  ---------  --------  ----------  --------------  -------------------
/opt/airflow/dags/ml_pipeline_dag.py                           1           0  1.44s           2025-06-19T10:40:53
================================================================================
